<?xml version="1.0" encoding="UTF-8"?>
<!-- Generated by org.testng.reporters.JUnitReportReporter -->
<testsuite hostname="Pavan_Kumar" failures="0" tests="2" name="jan2.AdvanceReports" time="9.300" errors="0" timestamp="2024-01-03T11:04:58 IST" skipped="0">
  <testcase classname="jan2.AdvanceReports" name="failTest" time="3.287"/>
  <system-out/>
  <testcase classname="jan2.AdvanceReports" name="passtest" time="6.013"/>
  <system-out/>
</testsuite> <!-- jan2.AdvanceReports -->
