<?xml version="1.0" encoding="UTF-8"?>
<!-- Generated by org.testng.reporters.JUnitReportReporter -->
<testsuite hostname="Pavan_Kumar" failures="0" tests="2" name="jan2.AdvanceReport3" time="9.203" errors="0" timestamp="2024-01-04T22:46:30 IST" skipped="0">
  <testcase classname="jan2.AdvanceReport3" name="failtest" time="3.154"/>
  <system-out/>
  <testcase classname="jan2.AdvanceReport3" name="startTest" time="6.049"/>
  <system-out/>
</testsuite> <!-- jan2.AdvanceReport3 -->
