<?xml version="1.0" encoding="UTF-8"?>
<!-- Generated by org.testng.reporters.JUnitReportReporter -->
<testsuite hostname="Pavan_Kumar" failures="0" tests="2" name="jan2.AdvancedRepotrs2" time="9.064" errors="0" timestamp="2024-01-03T15:52:31 IST" skipped="0">
  <testcase classname="jan2.AdvancedRepotrs2" name="failtest" time="3.430"/>
  <system-out/>
  <testcase classname="jan2.AdvancedRepotrs2" name="passtest" time="5.634"/>
  <system-out/>
</testsuite> <!-- jan2.AdvancedRepotrs2 -->
