<?xml version="1.0" encoding="UTF-8"?>
<!-- Generated by org.testng.reporters.JUnitReportReporter -->
<testsuite hostname="Pavan_Kumar" failures="0" tests="2" name="jan2.AdvancedReports3" time="8.727" errors="0" timestamp="2024-01-04T20:09:39 IST" skipped="0">
  <testcase classname="jan2.AdvancedReports3" name="failtest" time="3.474"/>
  <system-out/>
  <testcase classname="jan2.AdvancedReports3" name="passtest" time="5.253"/>
  <system-out/>
</testsuite> <!-- jan2.AdvancedReports3 -->
