<?xml version="1.0" encoding="UTF-8"?>
<!-- Generated by org.testng.reporters.JUnitReportReporter -->
<testsuite hostname="Pavan_Kumar" failures="0" tests="1" name="dec30.Using_propertyFile1" time="7.699" errors="0" timestamp="2023-12-31T23:02:38 IST" skipped="0">
  <testcase classname="dec30.Using_propertyFile1" name="StartTest" time="7.699"/>
  <system-out>
    <![CDATA[New Branch with id 7 created Sucessfully]]>
  </system-out>
</testsuite> <!-- dec30.Using_propertyFile1 -->
