<?xml version="1.0" encoding="UTF-8"?>
<!-- Generated by org.testng.reporters.JUnitReportReporter -->
<testsuite hostname="Pavan_Kumar" failures="0" tests="1" name="dec30.Using_propertyFile" time="4.800" errors="0" timestamp="2023-12-30T16:26:38 IST" skipped="0">
  <testcase classname="dec30.Using_propertyFile" name="StartTest" time="4.800"/>
  <system-out>
    <![CDATA[username and password are valid::dashboard   http://orangehrm.qedgetech.com/symfony/web/index.php/dashboard]]>
  </system-out>
</testsuite> <!-- dec30.Using_propertyFile -->
